0    [Thread-1]  INFO 20 Jul 21:16:38 [Thread-1] Netz  - Monitor thread started!
9755 [Thread-1]  INFO 20 Jul 21:16:48 [Thread-1] Netz  - Packet received
11496 [Thread-1]  INFO 20 Jul 21:16:50 [Thread-1] Netz  - Packet saved
11516 [Thread-1]  INFO 20 Jul 21:16:50 [Thread-1] Netz  - Packet received
14561 [Thread-1]  INFO 20 Jul 21:16:53 [Thread-1] Netz  - Packet saved
14561 [Thread-1]  INFO 20 Jul 21:16:53 [Thread-1] Netz  - Packet received
14565 [Thread-1]  INFO 20 Jul 21:16:53 [Thread-1] Netz  - Packet saved
14565 [Thread-1]  INFO 20 Jul 21:16:53 [Thread-1] Netz  - Packet received
14890 [Thread-1]  INFO 20 Jul 21:16:53 [Thread-1] Netz  - Packet saved
14890 [Thread-1]  INFO 20 Jul 21:16:53 [Thread-1] Netz  - Packet received
19721 [Thread-1]  INFO 20 Jul 21:16:58 [Thread-1] Netz  - Packet saved
19721 [Thread-1]  INFO 20 Jul 21:16:58 [Thread-1] Netz  - Packet received
20457 [Thread-1]  INFO 20 Jul 21:16:59 [Thread-1] Netz  - Packet saved
20457 [Thread-1]  INFO 20 Jul 21:16:59 [Thread-1] Netz  - Packet received
20474 [Thread-1]  INFO 20 Jul 21:16:59 [Thread-1] Netz  - Packet saved
20474 [Thread-1]  INFO 20 Jul 21:16:59 [Thread-1] Netz  - Packet received
20522 [Thread-1]  INFO 20 Jul 21:16:59 [Thread-1] Netz  - Packet received
20523 [Thread-1]  INFO 20 Jul 21:16:59 [Thread-1] Netz  - Packet received
20681 [Thread-1]  INFO 20 Jul 21:16:59 [Thread-1] Netz  - Packet saved
20681 [Thread-1]  INFO 20 Jul 21:16:59 [Thread-1] Netz  - Packet received
20691 [Thread-1]  INFO 20 Jul 21:16:59 [Thread-1] Netz  - Packet saved
20692 [Thread-1]  INFO 20 Jul 21:16:59 [Thread-1] Netz  - Packet received
25520 [Thread-1]  INFO 20 Jul 21:17:04 [Thread-1] Netz  - Packet saved
25520 [Thread-1]  INFO 20 Jul 21:17:04 [Thread-1] Netz  - Packet received
27776 [Thread-1]  INFO 20 Jul 21:17:06 [Thread-1] Netz  - Packet saved
27776 [Thread-1]  INFO 20 Jul 21:17:06 [Thread-1] Netz  - Packet received
27779 [Thread-1]  INFO 20 Jul 21:17:06 [Thread-1] Netz  - Packet saved
27779 [Thread-1]  INFO 20 Jul 21:17:06 [Thread-1] Netz  - Packet received
32283 [Thread-1]  INFO 20 Jul 21:17:10 [Thread-1] Netz  - Packet saved
32283 [Thread-1]  INFO 20 Jul 21:17:10 [Thread-1] Netz  - Packet received
32299 [Thread-1]  INFO 20 Jul 21:17:10 [Thread-1] Netz  - Packet saved
32299 [Thread-1]  INFO 20 Jul 21:17:10 [Thread-1] Netz  - Packet received
36802 [Thread-1]  INFO 20 Jul 21:17:15 [Thread-1] Netz  - Packet saved
36802 [Thread-1]  INFO 20 Jul 21:17:15 [Thread-1] Netz  - Packet received
36817 [Thread-1]  INFO 20 Jul 21:17:15 [Thread-1] Netz  - Packet saved
36818 [Thread-1]  INFO 20 Jul 21:17:15 [Thread-1] Netz  - Packet received
36821 [Thread-1]  INFO 20 Jul 21:17:15 [Thread-1] Netz  - Packet saved
36821 [Thread-1]  INFO 20 Jul 21:17:15 [Thread-1] Netz  - Packet received
36824 [Thread-1]  INFO 20 Jul 21:17:15 [Thread-1] Netz  - Packet saved
36824 [Thread-1]  INFO 20 Jul 21:17:15 [Thread-1] Netz  - Packet received
36827 [Thread-1]  INFO 20 Jul 21:17:15 [Thread-1] Netz  - Packet saved
36828 [Thread-1]  INFO 20 Jul 21:17:15 [Thread-1] Netz  - Packet received
41331 [Thread-1]  INFO 20 Jul 21:17:19 [Thread-1] Netz  - Packet saved
41332 [Thread-1]  INFO 20 Jul 21:17:19 [Thread-1] Netz  - Packet received
43587 [Thread-1]  INFO 20 Jul 21:17:22 [Thread-1] Netz  - Packet saved
43587 [Thread-1]  INFO 20 Jul 21:17:22 [Thread-1] Netz  - Packet received
48091 [Thread-1]  INFO 20 Jul 21:17:26 [Thread-1] Netz  - Packet saved
48091 [Thread-1]  INFO 20 Jul 21:17:26 [Thread-1] Netz  - Packet received
48169 [Thread-1]  INFO 20 Jul 21:17:26 [Thread-1] Netz  - Packet saved
48169 [Thread-1]  INFO 20 Jul 21:17:26 [Thread-1] Netz  - Packet received
48197 [Thread-1]  INFO 20 Jul 21:17:26 [Thread-1] Netz  - Packet saved
48197 [Thread-1]  INFO 20 Jul 21:17:26 [Thread-1] Netz  - Packet received
52700 [Thread-1]  INFO 20 Jul 21:17:31 [Thread-1] Netz  - Packet saved
52701 [Thread-1]  INFO 20 Jul 21:17:31 [Thread-1] Netz  - Packet received
52705 [Thread-1]  INFO 20 Jul 21:17:31 [Thread-1] Netz  - Packet saved
52705 [Thread-1]  INFO 20 Jul 21:17:31 [Thread-1] Netz  - Packet received
57224 [Thread-1]  INFO 20 Jul 21:17:35 [Thread-1] Netz  - Packet saved
57227 [Thread-1]  INFO 20 Jul 21:17:35 [Thread-1] Netz  - Packet received
57248 [Thread-1]  INFO 20 Jul 21:17:35 [Thread-1] Netz  - Packet saved
57248 [Thread-1]  INFO 20 Jul 21:17:35 [Thread-1] Netz  - Packet received
59518 [Thread-1]  INFO 20 Jul 21:17:38 [Thread-1] Netz  - Packet saved
59518 [Thread-1]  INFO 20 Jul 21:17:38 [Thread-1] Netz  - Packet received
59522 [Thread-1]  INFO 20 Jul 21:17:38 [Thread-1] Netz  - Packet saved
59522 [Thread-1]  INFO 20 Jul 21:17:38 [Thread-1] Netz  - Packet received
64027 [Thread-1]  INFO 20 Jul 21:17:42 [Thread-1] Netz  - Packet saved
64027 [Thread-1]  INFO 20 Jul 21:17:42 [Thread-1] Netz  - Packet received
64048 [Thread-1]  INFO 20 Jul 21:17:42 [Thread-1] Netz  - Packet saved
64049 [Thread-1]  INFO 20 Jul 21:17:42 [Thread-1] Netz  - Packet received
68551 [Thread-1]  INFO 20 Jul 21:17:47 [Thread-1] Netz  - Packet saved
68551 [Thread-1]  INFO 20 Jul 21:17:47 [Thread-1] Netz  - Packet received
73055 [Thread-1]  INFO 20 Jul 21:17:51 [Thread-1] Netz  - Packet saved
73055 [Thread-1]  INFO 20 Jul 21:17:51 [Thread-1] Netz  - Packet received
75310 [Thread-1]  INFO 20 Jul 21:17:53 [Thread-1] Netz  - Packet saved
75310 [Thread-1]  INFO 20 Jul 21:17:53 [Thread-1] Netz  - Packet received
75313 [Thread-1]  INFO 20 Jul 21:17:53 [Thread-1] Netz  - Packet saved
75313 [Thread-1]  INFO 20 Jul 21:17:53 [Thread-1] Netz  - Packet received
75316 [Thread-1]  INFO 20 Jul 21:17:53 [Thread-1] Netz  - Packet saved
75317 [Thread-1]  INFO 20 Jul 21:17:53 [Thread-1] Netz  - Packet received
75320 [Thread-1]  INFO 20 Jul 21:17:53 [Thread-1] Netz  - Packet saved
75320 [Thread-1]  INFO 20 Jul 21:17:53 [Thread-1] Netz  - Packet received
75323 [Thread-1]  INFO 20 Jul 21:17:53 [Thread-1] Netz  - Packet saved
75323 [Thread-1]  INFO 20 Jul 21:17:53 [Thread-1] Netz  - Packet received
79827 [Thread-1]  INFO 20 Jul 21:17:58 [Thread-1] Netz  - Packet saved
79827 [Thread-1]  INFO 20 Jul 21:17:58 [Thread-1] Netz  - Packet received
79831 [Thread-1]  INFO 20 Jul 21:17:58 [Thread-1] Netz  - Packet saved
79831 [Thread-1]  INFO 20 Jul 21:17:58 [Thread-1] Netz  - Packet received
84334 [Thread-1]  INFO 20 Jul 21:18:02 [Thread-1] Netz  - Packet saved
84334 [Thread-1]  INFO 20 Jul 21:18:02 [Thread-1] Netz  - Packet received
84377 [Thread-1]  INFO 20 Jul 21:18:03 [Thread-1] Netz  - Packet saved
84377 [Thread-1]  INFO 20 Jul 21:18:03 [Thread-1] Netz  - Packet received
84387 [Thread-1]  INFO 20 Jul 21:18:03 [Thread-1] Netz  - Packet saved
84388 [Thread-1]  INFO 20 Jul 21:18:03 [Thread-1] Netz  - Packet received
84391 [Thread-1]  INFO 20 Jul 21:18:03 [Thread-1] Netz  - Packet saved
84391 [Thread-1]  INFO 20 Jul 21:18:03 [Thread-1] Netz  - Packet received
84399 [Thread-1]  INFO 20 Jul 21:18:03 [Thread-1] Netz  - Packet saved
84399 [Thread-1]  INFO 20 Jul 21:18:03 [Thread-1] Netz  - Packet received
88966 [Thread-1]  INFO 20 Jul 21:18:07 [Thread-1] Netz  - Packet saved
88966 [Thread-1]  INFO 20 Jul 21:18:07 [Thread-1] Netz  - Packet received
91327 [Thread-1]  INFO 20 Jul 21:18:09 [Thread-1] Netz  - Packet saved
91327 [Thread-1]  INFO 20 Jul 21:18:09 [Thread-1] Netz  - Packet received
91330 [Thread-1]  INFO 20 Jul 21:18:09 [Thread-1] Netz  - Packet saved
91330 [Thread-1]  INFO 20 Jul 21:18:09 [Thread-1] Netz  - Packet received
91341 [Thread-1]  INFO 20 Jul 21:18:10 [Thread-1] Netz  - Packet saved
91342 [Thread-1]  INFO 20 Jul 21:18:10 [Thread-1] Netz  - Packet received
95845 [Thread-1]  INFO 20 Jul 21:18:14 [Thread-1] Netz  - Packet saved
95845 [Thread-1]  INFO 20 Jul 21:18:14 [Thread-1] Netz  - Packet received
95848 [Thread-1]  INFO 20 Jul 21:18:14 [Thread-1] Netz  - Packet saved
95848 [Thread-1]  INFO 20 Jul 21:18:14 [Thread-1] Netz  - Packet received
95851 [Thread-1]  INFO 20 Jul 21:18:14 [Thread-1] Netz  - Packet saved
95851 [Thread-1]  INFO 20 Jul 21:18:14 [Thread-1] Netz  - Packet received
95854 [Thread-1]  INFO 20 Jul 21:18:14 [Thread-1] Netz  - Packet saved
95854 [Thread-1]  INFO 20 Jul 21:18:14 [Thread-1] Netz  - Packet received
95857 [Thread-1]  INFO 20 Jul 21:18:14 [Thread-1] Netz  - Packet saved
95858 [Thread-1]  INFO 20 Jul 21:18:14 [Thread-1] Netz  - Packet received
100361 [Thread-1]  INFO 20 Jul 21:18:19 [Thread-1] Netz  - Packet saved
100361 [Thread-1]  INFO 20 Jul 21:18:19 [Thread-1] Netz  - Packet received
100384 [Thread-1]  INFO 20 Jul 21:18:19 [Thread-1] Netz  - Packet saved
100384 [Thread-1]  INFO 20 Jul 21:18:19 [Thread-1] Netz  - Packet received
100401 [Thread-1]  INFO 20 Jul 21:18:19 [Thread-1] Netz  - Packet saved
100402 [Thread-1]  INFO 20 Jul 21:18:19 [Thread-1] Netz  - Packet received
104914 [Thread-1]  INFO 20 Jul 21:18:23 [Thread-1] Netz  - Packet saved
104914 [Thread-1]  INFO 20 Jul 21:18:23 [Thread-1] Netz  - Packet received
107230 [Thread-1]  INFO 20 Jul 21:18:25 [Thread-1] Netz  - Packet saved
107231 [Thread-1]  INFO 20 Jul 21:18:25 [Thread-1] Netz  - Packet received
111735 [Thread-1]  INFO 20 Jul 21:18:30 [Thread-1] Netz  - Packet saved
111735 [Thread-1]  INFO 20 Jul 21:18:30 [Thread-1] Netz  - Packet received
111740 [Thread-1]  INFO 20 Jul 21:18:30 [Thread-1] Netz  - Packet saved
111741 [Thread-1]  INFO 20 Jul 21:18:30 [Thread-1] Netz  - Packet received
116245 [Thread-1]  INFO 20 Jul 21:18:34 [Thread-1] Netz  - Packet saved
116245 [Thread-1]  INFO 20 Jul 21:18:34 [Thread-1] Netz  - Packet received
116249 [Thread-1]  INFO 20 Jul 21:18:34 [Thread-1] Netz  - Packet saved
116249 [Thread-1]  INFO 20 Jul 21:18:34 [Thread-1] Netz  - Packet received
120752 [Thread-1]  INFO 20 Jul 21:18:39 [Thread-1] Netz  - Packet saved
120752 [Thread-1]  INFO 20 Jul 21:18:39 [Thread-1] Netz  - Packet received
120787 [Thread-1]  INFO 20 Jul 21:18:39 [Thread-1] Netz  - Packet saved
120788 [Thread-1]  INFO 20 Jul 21:18:39 [Thread-1] Netz  - Packet received
123187 [Thread-1]  INFO 20 Jul 21:18:41 [Thread-1] Netz  - Packet saved
123187 [Thread-1]  INFO 20 Jul 21:18:41 [Thread-1] Netz  - Packet received
123201 [Thread-1]  INFO 20 Jul 21:18:41 [Thread-1] Netz  - Packet saved
123202 [Thread-1]  INFO 20 Jul 21:18:41 [Thread-1] Netz  - Packet received
123224 [Thread-1]  INFO 20 Jul 21:18:41 [Thread-1] Netz  - Packet saved
123227 [Thread-1]  INFO 20 Jul 21:18:41 [Thread-1] Netz  - Packet received
123245 [Thread-1]  INFO 20 Jul 21:18:41 [Thread-1] Netz  - Packet saved
123246 [Thread-1]  INFO 20 Jul 21:18:41 [Thread-1] Netz  - Packet received
123257 [Thread-1]  INFO 20 Jul 21:18:41 [Thread-1] Netz  - Packet saved
123257 [Thread-1]  INFO 20 Jul 21:18:41 [Thread-1] Netz  - Packet received
123260 [Thread-1]  INFO 20 Jul 21:18:41 [Thread-1] Netz  - Packet saved
123260 [Thread-1]  INFO 20 Jul 21:18:41 [Thread-1] Netz  - Packet received
123268 [Thread-1]  INFO 20 Jul 21:18:41 [Thread-1] Netz  - Packet saved
123268 [Thread-1]  INFO 20 Jul 21:18:41 [Thread-1] Netz  - Packet received
127771 [Thread-1]  INFO 20 Jul 21:18:46 [Thread-1] Netz  - Packet saved
127772 [Thread-1]  INFO 20 Jul 21:18:46 [Thread-1] Netz  - Packet received
127776 [Thread-1]  INFO 20 Jul 21:18:46 [Thread-1] Netz  - Packet saved
127776 [Thread-1]  INFO 20 Jul 21:18:46 [Thread-1] Netz  - Packet received
132281 [Thread-1]  INFO 20 Jul 21:18:50 [Thread-1] Netz  - Packet saved
132282 [Thread-1]  INFO 20 Jul 21:18:50 [Thread-1] Netz  - Packet received
132299 [Thread-1]  INFO 20 Jul 21:18:50 [Thread-1] Netz  - Packet saved
132299 [Thread-1]  INFO 20 Jul 21:18:50 [Thread-1] Netz  - Packet received
132315 [Thread-1]  INFO 20 Jul 21:18:50 [Thread-1] Netz  - Packet saved
132315 [Thread-1]  INFO 20 Jul 21:18:50 [Thread-1] Netz  - Packet received
132321 [Thread-1]  INFO 20 Jul 21:18:50 [Thread-1] Netz  - Packet saved
132322 [Thread-1]  INFO 20 Jul 21:18:50 [Thread-1] Netz  - Packet received
136825 [Thread-1]  INFO 20 Jul 21:18:55 [Thread-1] Netz  - Packet saved
136825 [Thread-1]  INFO 20 Jul 21:18:55 [Thread-1] Netz  - Packet received
0    [Thread-1]  INFO 20 Jul 21:21:12 [Thread-1] Netz  - Monitor thread started!
1262 [Thread-1]  INFO 20 Jul 21:21:13 [Thread-1] Netz  - Packet received
1374 [Thread-1]  INFO 20 Jul 21:21:14 [Thread-1] Netz  - Packet saved
1374 [Thread-1]  INFO 20 Jul 21:21:14 [Thread-1] Netz  - Packet received
5888 [Thread-1]  INFO 20 Jul 21:21:18 [Thread-1] Netz  - Packet saved
5889 [Thread-1]  INFO 20 Jul 21:21:18 [Thread-1] Netz  - Packet received
8903 [Thread-1]  INFO 20 Jul 21:21:21 [Thread-1] Netz  - Packet saved
8903 [Thread-1]  INFO 20 Jul 21:21:21 [Thread-1] Netz  - Packet received
8917 [Thread-1]  INFO 20 Jul 21:21:21 [Thread-1] Netz  - Packet saved
8918 [Thread-1]  INFO 20 Jul 21:21:21 [Thread-1] Netz  - Packet received
13433 [Thread-1]  INFO 20 Jul 21:21:26 [Thread-1] Netz  - Packet saved
13433 [Thread-1]  INFO 20 Jul 21:21:26 [Thread-1] Netz  - Packet received
13449 [Thread-1]  INFO 20 Jul 21:21:26 [Thread-1] Netz  - Packet saved
13449 [Thread-1]  INFO 20 Jul 21:21:26 [Thread-1] Netz  - Packet received
13458 [Thread-1]  INFO 20 Jul 21:21:26 [Thread-1] Netz  - Packet saved
13458 [Thread-1]  INFO 20 Jul 21:21:26 [Thread-1] Netz  - Packet received
17962 [Thread-1]  INFO 20 Jul 21:21:30 [Thread-1] Netz  - Packet saved
17963 [Thread-1]  INFO 20 Jul 21:21:30 [Thread-1] Netz  - Packet received
17983 [Thread-1]  INFO 20 Jul 21:21:30 [Thread-1] Netz  - Packet saved
17983 [Thread-1]  INFO 20 Jul 21:21:30 [Thread-1] Netz  - Packet received
18000 [Thread-1]  INFO 20 Jul 21:21:30 [Thread-1] Netz  - Packet saved
18001 [Thread-1]  INFO 20 Jul 21:21:30 [Thread-1] Netz  - Packet received
18018 [Thread-1]  INFO 20 Jul 21:21:30 [Thread-1] Netz  - Packet saved
18019 [Thread-1]  INFO 20 Jul 21:21:30 [Thread-1] Netz  - Packet received
25078 [Thread-1]  INFO 20 Jul 21:21:37 [Thread-1] Netz  - Packet saved
25079 [Thread-1]  INFO 20 Jul 21:21:37 [Thread-1] Netz  - Packet received
25081 [Thread-1]  INFO 20 Jul 21:21:37 [Thread-1] Netz  - Packet saved
25081 [Thread-1]  INFO 20 Jul 21:21:37 [Thread-1] Netz  - Packet received
29585 [Thread-1]  INFO 20 Jul 21:21:42 [Thread-1] Netz  - Packet saved
29585 [Thread-1]  INFO 20 Jul 21:21:42 [Thread-1] Netz  - Packet received
34119 [Thread-1]  INFO 20 Jul 21:21:46 [Thread-1] Netz  - Packet saved
34119 [Thread-1]  INFO 20 Jul 21:21:46 [Thread-1] Netz  - Packet received
38625 [Thread-1]  INFO 20 Jul 21:21:51 [Thread-1] Netz  - Packet saved
38625 [Thread-1]  INFO 20 Jul 21:21:51 [Thread-1] Netz  - Packet received
45385 [Thread-1]  INFO 20 Jul 21:21:58 [Thread-1] Netz  - Packet saved
45386 [Thread-1]  INFO 20 Jul 21:21:58 [Thread-1] Netz  - Packet received
49908 [Thread-1]  INFO 20 Jul 21:22:02 [Thread-1] Netz  - Packet saved
49909 [Thread-1]  INFO 20 Jul 21:22:02 [Thread-1] Netz  - Packet received
54418 [Thread-1]  INFO 20 Jul 21:22:07 [Thread-1] Netz  - Packet saved
54418 [Thread-1]  INFO 20 Jul 21:22:07 [Thread-1] Netz  - Packet received
54422 [Thread-1]  INFO 20 Jul 21:22:07 [Thread-1] Netz  - Packet saved
54423 [Thread-1]  INFO 20 Jul 21:22:07 [Thread-1] Netz  - Packet received
58927 [Thread-1]  INFO 20 Jul 21:22:11 [Thread-1] Netz  - Packet saved
58927 [Thread-1]  INFO 20 Jul 21:22:11 [Thread-1] Netz  - Packet received
65684 [Thread-1]  INFO 20 Jul 21:22:18 [Thread-1] Netz  - Packet saved
65684 [Thread-1]  INFO 20 Jul 21:22:18 [Thread-1] Netz  - Packet received
70190 [Thread-1]  INFO 20 Jul 21:22:22 [Thread-1] Netz  - Packet saved
70190 [Thread-1]  INFO 20 Jul 21:22:22 [Thread-1] Netz  - Packet received
79665 [Thread-1]  INFO 20 Jul 21:22:32 [Thread-1] Netz  - Packet saved
79665 [Thread-1]  INFO 20 Jul 21:22:32 [Thread-1] Netz  - Packet received
79701 [Thread-1]  INFO 20 Jul 21:22:32 [Thread-1] Netz  - Packet saved
79701 [Thread-1]  INFO 20 Jul 21:22:32 [Thread-1] Netz  - Packet received
81970 [Thread-1]  INFO 20 Jul 21:22:34 [Thread-1] Netz  - Packet saved
81971 [Thread-1]  INFO 20 Jul 21:22:34 [Thread-1] Netz  - Packet received
81992 [Thread-1]  INFO 20 Jul 21:22:34 [Thread-1] Netz  - Packet saved
81992 [Thread-1]  INFO 20 Jul 21:22:34 [Thread-1] Netz  - Packet received
91344 [Thread-1]  INFO 20 Jul 21:22:44 [Thread-1] Netz  - Packet saved
91344 [Thread-1]  INFO 20 Jul 21:22:44 [Thread-1] Netz  - Packet received
91360 [Thread-1]  INFO 20 Jul 21:22:44 [Thread-1] Netz  - Packet saved
91361 [Thread-1]  INFO 20 Jul 21:22:44 [Thread-1] Netz  - Packet received
100368 [Thread-1]  INFO 20 Jul 21:22:53 [Thread-1] Netz  - Packet saved
100368 [Thread-1]  INFO 20 Jul 21:22:53 [Thread-1] Netz  - Packet received
109375 [Thread-1]  INFO 20 Jul 21:23:02 [Thread-1] Netz  - Packet saved
109375 [Thread-1]  INFO 20 Jul 21:23:02 [Thread-1] Netz  - Packet received
109394 [Thread-1]  INFO 20 Jul 21:23:02 [Thread-1] Netz  - Packet saved
109395 [Thread-1]  INFO 20 Jul 21:23:02 [Thread-1] Netz  - Packet received
118428 [Thread-1]  INFO 20 Jul 21:23:11 [Thread-1] Netz  - Packet saved
118428 [Thread-1]  INFO 20 Jul 21:23:11 [Thread-1] Netz  - Packet received
118445 [Thread-1]  INFO 20 Jul 21:23:11 [Thread-1] Netz  - Packet saved
118445 [Thread-1]  INFO 20 Jul 21:23:11 [Thread-1] Netz  - Packet received
127453 [Thread-1]  INFO 20 Jul 21:23:20 [Thread-1] Netz  - Packet saved
127453 [Thread-1]  INFO 20 Jul 21:23:20 [Thread-1] Netz  - Packet received
127472 [Thread-1]  INFO 20 Jul 21:23:20 [Thread-1] Netz  - Packet saved
127473 [Thread-1]  INFO 20 Jul 21:23:20 [Thread-1] Netz  - Packet received
136481 [Thread-1]  INFO 20 Jul 21:23:29 [Thread-1] Netz  - Packet saved
136481 [Thread-1]  INFO 20 Jul 21:23:29 [Thread-1] Netz  - Packet received
136498 [Thread-1]  INFO 20 Jul 21:23:29 [Thread-1] Netz  - Packet saved
136498 [Thread-1]  INFO 20 Jul 21:23:29 [Thread-1] Netz  - Packet received
143256 [Thread-1]  INFO 20 Jul 21:23:35 [Thread-1] Netz  - Packet saved
143257 [Thread-1]  INFO 20 Jul 21:23:35 [Thread-1] Netz  - Packet received
147786 [Thread-1]  INFO 20 Jul 21:23:40 [Thread-1] Netz  - Packet saved
147787 [Thread-1]  INFO 20 Jul 21:23:40 [Thread-1] Netz  - Packet received
156790 [Thread-1]  INFO 20 Jul 21:23:49 [Thread-1] Netz  - Packet saved
156790 [Thread-1]  INFO 20 Jul 21:23:49 [Thread-1] Netz  - Packet received
156814 [Thread-1]  INFO 20 Jul 21:23:49 [Thread-1] Netz  - Packet saved
156815 [Thread-1]  INFO 20 Jul 21:23:49 [Thread-1] Netz  - Packet received
159126 [Thread-1]  INFO 20 Jul 21:23:51 [Thread-1] Netz  - Packet saved
159126 [Thread-1]  INFO 20 Jul 21:23:51 [Thread-1] Netz  - Packet received
163629 [Thread-1]  INFO 20 Jul 21:23:56 [Thread-1] Netz  - Packet saved
163629 [Thread-1]  INFO 20 Jul 21:23:56 [Thread-1] Netz  - Packet received
172633 [Thread-1]  INFO 20 Jul 21:24:05 [Thread-1] Netz  - Packet saved
172633 [Thread-1]  INFO 20 Jul 21:24:05 [Thread-1] Netz  - Packet received
179395 [Thread-1]  INFO 20 Jul 21:24:12 [Thread-1] Netz  - Packet saved
179396 [Thread-1]  INFO 20 Jul 21:24:12 [Thread-1] Netz  - Packet received
183921 [Thread-1]  INFO 20 Jul 21:24:16 [Thread-1] Netz  - Packet saved
183922 [Thread-1]  INFO 20 Jul 21:24:16 [Thread-1] Netz  - Packet received
188425 [Thread-1]  INFO 20 Jul 21:24:21 [Thread-1] Netz  - Packet saved
188425 [Thread-1]  INFO 20 Jul 21:24:21 [Thread-1] Netz  - Packet received
188440 [Thread-1]  INFO 20 Jul 21:24:21 [Thread-1] Netz  - Packet saved
188441 [Thread-1]  INFO 20 Jul 21:24:21 [Thread-1] Netz  - Packet received
188441 [Thread-1]  INFO 20 Jul 21:24:21 [Thread-1] Netz  - Packet received
188441 [Thread-1]  INFO 20 Jul 21:24:21 [Thread-1] Netz  - Packet received
188457 [Thread-1]  INFO 20 Jul 21:24:21 [Thread-1] Netz  - Packet saved
188457 [Thread-1]  INFO 20 Jul 21:24:21 [Thread-1] Netz  - Packet received
192961 [Thread-1]  INFO 20 Jul 21:24:25 [Thread-1] Netz  - Packet saved
192962 [Thread-1]  INFO 20 Jul 21:24:25 [Thread-1] Netz  - Packet received
192978 [Thread-1]  INFO 20 Jul 21:24:25 [Thread-1] Netz  - Packet saved
192979 [Thread-1]  INFO 20 Jul 21:24:25 [Thread-1] Netz  - Packet received
199733 [Thread-1]  INFO 20 Jul 21:24:32 [Thread-1] Netz  - Packet saved
199733 [Thread-1]  INFO 20 Jul 21:24:32 [Thread-1] Netz  - Packet received
199821 [Thread-1]  INFO 20 Jul 21:24:32 [Thread-1] Netz  - Packet saved
199821 [Thread-1]  INFO 20 Jul 21:24:32 [Thread-1] Netz  - Packet received
204342 [Thread-1]  INFO 20 Jul 21:24:37 [Thread-1] Netz  - Packet saved
204342 [Thread-1]  INFO 20 Jul 21:24:37 [Thread-1] Netz  - Packet received
204358 [Thread-1]  INFO 20 Jul 21:24:37 [Thread-1] Netz  - Packet saved
204359 [Thread-1]  INFO 20 Jul 21:24:37 [Thread-1] Netz  - Packet received
204363 [Thread-1]  INFO 20 Jul 21:24:37 [Thread-1] Netz  - Packet saved
204363 [Thread-1]  INFO 20 Jul 21:24:37 [Thread-1] Netz  - Packet received
204379 [Thread-1]  INFO 20 Jul 21:24:37 [Thread-1] Netz  - Packet saved
204380 [Thread-1]  INFO 20 Jul 21:24:37 [Thread-1] Netz  - Packet received
204384 [Thread-1]  INFO 20 Jul 21:24:37 [Thread-1] Netz  - Packet saved
204384 [Thread-1]  INFO 20 Jul 21:24:37 [Thread-1] Netz  - Packet received
204387 [Thread-1]  INFO 20 Jul 21:24:37 [Thread-1] Netz  - Packet saved
204387 [Thread-1]  INFO 20 Jul 21:24:37 [Thread-1] Netz  - Packet received
208891 [Thread-1]  INFO 20 Jul 21:24:41 [Thread-1] Netz  - Packet saved
208892 [Thread-1]  INFO 20 Jul 21:24:41 [Thread-1] Netz  - Packet received
211148 [Thread-1]  INFO 20 Jul 21:24:43 [Thread-1] Netz  - Packet saved
211149 [Thread-1]  INFO 20 Jul 21:24:43 [Thread-1] Netz  - Packet received
215653 [Thread-1]  INFO 20 Jul 21:24:48 [Thread-1] Netz  - Packet saved
215653 [Thread-1]  INFO 20 Jul 21:24:48 [Thread-1] Netz  - Packet received
215656 [Thread-1]  INFO 20 Jul 21:24:48 [Thread-1] Netz  - Packet saved
215656 [Thread-1]  INFO 20 Jul 21:24:48 [Thread-1] Netz  - Packet received
220160 [Thread-1]  INFO 20 Jul 21:24:52 [Thread-1] Netz  - Packet saved
220160 [Thread-1]  INFO 20 Jul 21:24:52 [Thread-1] Netz  - Packet received
220206 [Thread-1]  INFO 20 Jul 21:24:52 [Thread-1] Netz  - Packet saved
220207 [Thread-1]  INFO 20 Jul 21:24:52 [Thread-1] Netz  - Packet received
220223 [Thread-1]  INFO 20 Jul 21:24:52 [Thread-1] Netz  - Packet saved
220223 [Thread-1]  INFO 20 Jul 21:24:52 [Thread-1] Netz  - Packet received
226984 [Thread-1]  INFO 20 Jul 21:24:59 [Thread-1] Netz  - Packet saved
226985 [Thread-1]  INFO 20 Jul 21:24:59 [Thread-1] Netz  - Packet received
226988 [Thread-1]  INFO 20 Jul 21:24:59 [Thread-1] Netz  - Packet saved
226988 [Thread-1]  INFO 20 Jul 21:24:59 [Thread-1] Netz  - Packet received
231492 [Thread-1]  INFO 20 Jul 21:25:04 [Thread-1] Netz  - Packet saved
231492 [Thread-1]  INFO 20 Jul 21:25:04 [Thread-1] Netz  - Packet received
236002 [Thread-1]  INFO 20 Jul 21:25:08 [Thread-1] Netz  - Packet saved
236002 [Thread-1]  INFO 20 Jul 21:25:08 [Thread-1] Netz  - Packet received
240517 [Thread-1]  INFO 20 Jul 21:25:13 [Thread-1] Netz  - Packet saved
240517 [Thread-1]  INFO 20 Jul 21:25:13 [Thread-1] Netz  - Packet received
240540 [Thread-1]  INFO 20 Jul 21:25:13 [Thread-1] Netz  - Packet saved
240540 [Thread-1]  INFO 20 Jul 21:25:13 [Thread-1] Netz  - Packet received
240570 [Thread-1]  INFO 20 Jul 21:25:13 [Thread-1] Netz  - Packet saved
240571 [Thread-1]  INFO 20 Jul 21:25:13 [Thread-1] Netz  - Packet received
242849 [Thread-1]  INFO 20 Jul 21:25:15 [Thread-1] Netz  - Packet saved
242850 [Thread-1]  INFO 20 Jul 21:25:15 [Thread-1] Netz  - Packet received
247381 [Thread-1]  INFO 20 Jul 21:25:20 [Thread-1] Netz  - Packet saved
247381 [Thread-1]  INFO 20 Jul 21:25:20 [Thread-1] Netz  - Packet received
247421 [Thread-1]  INFO 20 Jul 21:25:20 [Thread-1] Netz  - Packet saved
247421 [Thread-1]  INFO 20 Jul 21:25:20 [Thread-1] Netz  - Packet received
247458 [Thread-1]  INFO 20 Jul 21:25:20 [Thread-1] Netz  - Packet saved
247458 [Thread-1]  INFO 20 Jul 21:25:20 [Thread-1] Netz  - Packet received
252056 [Thread-1]  INFO 20 Jul 21:25:24 [Thread-1] Netz  - Packet saved
252057 [Thread-1]  INFO 20 Jul 21:25:24 [Thread-1] Netz  - Packet received
252155 [Thread-1]  INFO 20 Jul 21:25:24 [Thread-1] Netz  - Packet saved
252156 [Thread-1]  INFO 20 Jul 21:25:24 [Thread-1] Netz  - Packet received
252229 [Thread-1]  INFO 20 Jul 21:25:24 [Thread-1] Netz  - Packet saved
252229 [Thread-1]  INFO 20 Jul 21:25:24 [Thread-1] Netz  - Packet received
256832 [Thread-1]  INFO 20 Jul 21:25:29 [Thread-1] Netz  - Packet saved
256833 [Thread-1]  INFO 20 Jul 21:25:29 [Thread-1] Netz  - Packet received
263704 [Thread-1]  INFO 20 Jul 21:25:36 [Thread-1] Netz  - Packet saved
263705 [Thread-1]  INFO 20 Jul 21:25:36 [Thread-1] Netz  - Packet received
268393 [Thread-1]  INFO 20 Jul 21:25:41 [Thread-1] Netz  - Packet saved
268393 [Thread-1]  INFO 20 Jul 21:25:41 [Thread-1] Netz  - Packet received
268423 [Thread-1]  INFO 20 Jul 21:25:41 [Thread-1] Netz  - Packet saved
268423 [Thread-1]  INFO 20 Jul 21:25:41 [Thread-1] Netz  - Packet received
268500 [Thread-1]  INFO 20 Jul 21:25:41 [Thread-1] Netz  - Packet saved
268500 [Thread-1]  INFO 20 Jul 21:25:41 [Thread-1] Netz  - Packet received
268656 [Thread-1]  INFO 20 Jul 21:25:41 [Thread-1] Netz  - Packet saved
268656 [Thread-1]  INFO 20 Jul 21:25:41 [Thread-1] Netz  - Packet received
273262 [Thread-1]  INFO 20 Jul 21:25:45 [Thread-1] Netz  - Packet saved
273262 [Thread-1]  INFO 20 Jul 21:25:45 [Thread-1] Netz  - Packet received
277826 [Thread-1]  INFO 20 Jul 21:25:50 [Thread-1] Netz  - Packet saved
277828 [Thread-1]  INFO 20 Jul 21:25:50 [Thread-1] Netz  - Packet received
280368 [Thread-1]  INFO 20 Jul 21:25:53 [Thread-1] Netz  - Packet saved
280369 [Thread-1]  INFO 20 Jul 21:25:53 [Thread-1] Netz  - Packet received
284970 [Thread-1]  INFO 20 Jul 21:25:57 [Thread-1] Netz  - Packet saved
284971 [Thread-1]  INFO 20 Jul 21:25:57 [Thread-1] Netz  - Packet received
285097 [Thread-1]  INFO 20 Jul 21:25:57 [Thread-1] Netz  - Packet saved
285097 [Thread-1]  INFO 20 Jul 21:25:57 [Thread-1] Netz  - Packet received
289714 [Thread-1]  INFO 20 Jul 21:26:02 [Thread-1] Netz  - Packet saved
289714 [Thread-1]  INFO 20 Jul 21:26:02 [Thread-1] Netz  - Packet received
294259 [Thread-1]  INFO 20 Jul 21:26:06 [Thread-1] Netz  - Packet saved
294259 [Thread-1]  INFO 20 Jul 21:26:06 [Thread-1] Netz  - Packet received
296560 [Thread-1]  INFO 20 Jul 21:26:09 [Thread-1] Netz  - Packet saved
296561 [Thread-1]  INFO 20 Jul 21:26:09 [Thread-1] Netz  - Packet received
1    [Thread-1]  INFO 20 Jul 21:31:49 [Thread-1] Netz  - Monitor thread started!
1360 [Thread-1]  INFO 20 Jul 21:31:50 [Thread-1] Netz  - Packet received
2    [Thread-1]  INFO 20 Jul 21:32:11 [Thread-1] Netz  - Monitor thread started!
408  [Thread-1]  INFO 20 Jul 21:32:12 [Thread-1] Netz  - Packet received
5749 [Thread-1]  INFO 20 Jul 21:32:17 [Thread-1] Netz  - Packet saved
5771 [Thread-1]  INFO 20 Jul 21:32:17 [Thread-1] Netz  - Packet received
12561 [Thread-1]  INFO 20 Jul 21:32:24 [Thread-1] Netz  - Packet saved
12562 [Thread-1]  INFO 20 Jul 21:32:24 [Thread-1] Netz  - Packet received
17066 [Thread-1]  INFO 20 Jul 21:32:28 [Thread-1] Netz  - Packet saved
17066 [Thread-1]  INFO 20 Jul 21:32:28 [Thread-1] Netz  - Packet received
17408 [Thread-1]  INFO 20 Jul 21:32:29 [Thread-1] Netz  - Packet saved
17409 [Thread-1]  INFO 20 Jul 21:32:29 [Thread-1] Netz  - Packet received
21914 [Thread-1]  INFO 20 Jul 21:32:33 [Thread-1] Netz  - Packet saved
21915 [Thread-1]  INFO 20 Jul 21:32:33 [Thread-1] Netz  - Packet received
22337 [Thread-1]  INFO 20 Jul 21:32:34 [Thread-1] Netz  - Packet saved
22338 [Thread-1]  INFO 20 Jul 21:32:34 [Thread-1] Netz  - Packet received
24605 [Thread-1]  INFO 20 Jul 21:32:36 [Thread-1] Netz  - Packet saved
24605 [Thread-1]  INFO 20 Jul 21:32:36 [Thread-1] Netz  - Packet received
24620 [Thread-1]  INFO 20 Jul 21:32:36 [Thread-1] Netz  - Packet saved
24620 [Thread-1]  INFO 20 Jul 21:32:36 [Thread-1] Netz  - Packet received
24635 [Thread-1]  INFO 20 Jul 21:32:36 [Thread-1] Netz  - Packet saved
24635 [Thread-1]  INFO 20 Jul 21:32:36 [Thread-1] Netz  - Packet received
29139 [Thread-1]  INFO 20 Jul 21:32:40 [Thread-1] Netz  - Packet saved
29140 [Thread-1]  INFO 20 Jul 21:32:40 [Thread-1] Netz  - Packet received
29532 [Thread-1]  INFO 20 Jul 21:32:41 [Thread-1] Netz  - Packet saved
29534 [Thread-1]  INFO 20 Jul 21:32:41 [Thread-1] Netz  - Packet received
34039 [Thread-1]  INFO 20 Jul 21:32:45 [Thread-1] Netz  - Packet saved
34039 [Thread-1]  INFO 20 Jul 21:32:45 [Thread-1] Netz  - Packet received
34088 [Thread-1]  INFO 20 Jul 21:32:45 [Thread-1] Netz  - Packet saved
34088 [Thread-1]  INFO 20 Jul 21:32:45 [Thread-1] Netz  - Packet received
38592 [Thread-1]  INFO 20 Jul 21:32:50 [Thread-1] Netz  - Packet saved
38592 [Thread-1]  INFO 20 Jul 21:32:50 [Thread-1] Netz  - Packet received
40879 [Thread-1]  INFO 20 Jul 21:32:52 [Thread-1] Netz  - Packet saved
40880 [Thread-1]  INFO 20 Jul 21:32:52 [Thread-1] Netz  - Packet received
45383 [Thread-1]  INFO 20 Jul 21:32:57 [Thread-1] Netz  - Packet saved
45383 [Thread-1]  INFO 20 Jul 21:32:57 [Thread-1] Netz  - Packet received
45399 [Thread-1]  INFO 20 Jul 21:32:57 [Thread-1] Netz  - Packet saved
45400 [Thread-1]  INFO 20 Jul 21:32:57 [Thread-1] Netz  - Packet received
49903 [Thread-1]  INFO 20 Jul 21:33:01 [Thread-1] Netz  - Packet saved
49904 [Thread-1]  INFO 20 Jul 21:33:01 [Thread-1] Netz  - Packet received
56658 [Thread-1]  INFO 20 Jul 21:33:08 [Thread-1] Netz  - Packet saved
56658 [Thread-1]  INFO 20 Jul 21:33:08 [Thread-1] Netz  - Packet received
56661 [Thread-1]  INFO 20 Jul 21:33:08 [Thread-1] Netz  - Packet saved
56661 [Thread-1]  INFO 20 Jul 21:33:08 [Thread-1] Netz  - Packet received
61165 [Thread-1]  INFO 20 Jul 21:33:12 [Thread-1] Netz  - Packet saved
61165 [Thread-1]  INFO 20 Jul 21:33:12 [Thread-1] Netz  - Packet received
61292 [Thread-1]  INFO 20 Jul 21:33:13 [Thread-1] Netz  - Packet saved
61292 [Thread-1]  INFO 20 Jul 21:33:13 [Thread-1] Netz  - Packet received
61296 [Thread-1]  INFO 20 Jul 21:33:13 [Thread-1] Netz  - Packet saved
61296 [Thread-1]  INFO 20 Jul 21:33:13 [Thread-1] Netz  - Packet received
65800 [Thread-1]  INFO 20 Jul 21:33:17 [Thread-1] Netz  - Packet saved
65800 [Thread-1]  INFO 20 Jul 21:33:17 [Thread-1] Netz  - Packet received
66129 [Thread-1]  INFO 20 Jul 21:33:17 [Thread-1] Netz  - Packet saved
66129 [Thread-1]  INFO 20 Jul 21:33:17 [Thread-1] Netz  - Packet received
70672 [Thread-1]  INFO 20 Jul 21:33:22 [Thread-1] Netz  - Packet saved
70672 [Thread-1]  INFO 20 Jul 21:33:22 [Thread-1] Netz  - Packet received
70741 [Thread-1]  INFO 20 Jul 21:33:22 [Thread-1] Netz  - Packet saved
70741 [Thread-1]  INFO 20 Jul 21:33:22 [Thread-1] Netz  - Packet received
73008 [Thread-1]  INFO 20 Jul 21:33:24 [Thread-1] Netz  - Packet saved
73008 [Thread-1]  INFO 20 Jul 21:33:24 [Thread-1] Netz  - Packet received
73371 [Thread-1]  INFO 20 Jul 21:33:25 [Thread-1] Netz  - Packet saved
73371 [Thread-1]  INFO 20 Jul 21:33:25 [Thread-1] Netz  - Packet received
73375 [Thread-1]  INFO 20 Jul 21:33:25 [Thread-1] Netz  - Packet saved
73375 [Thread-1]  INFO 20 Jul 21:33:25 [Thread-1] Netz  - Packet received
73379 [Thread-1]  INFO 20 Jul 21:33:25 [Thread-1] Netz  - Packet saved
73379 [Thread-1]  INFO 20 Jul 21:33:25 [Thread-1] Netz  - Packet received
73382 [Thread-1]  INFO 20 Jul 21:33:25 [Thread-1] Netz  - Packet saved
73382 [Thread-1]  INFO 20 Jul 21:33:25 [Thread-1] Netz  - Packet received
73386 [Thread-1]  INFO 20 Jul 21:33:25 [Thread-1] Netz  - Packet saved
73386 [Thread-1]  INFO 20 Jul 21:33:25 [Thread-1] Netz  - Packet received
77903 [Thread-1]  INFO 20 Jul 21:33:29 [Thread-1] Netz  - Packet saved
77904 [Thread-1]  INFO 20 Jul 21:33:29 [Thread-1] Netz  - Packet received
77906 [Thread-1]  INFO 20 Jul 21:33:29 [Thread-1] Netz  - Packet saved
77906 [Thread-1]  INFO 20 Jul 21:33:29 [Thread-1] Netz  - Packet received
82871 [Thread-1]  INFO 20 Jul 21:33:34 [Thread-1] Netz  - Packet saved
82871 [Thread-1]  INFO 20 Jul 21:33:34 [Thread-1] Netz  - Packet received
82898 [Thread-1]  INFO 20 Jul 21:33:34 [Thread-1] Netz  - Packet saved
82898 [Thread-1]  INFO 20 Jul 21:33:34 [Thread-1] Netz  - Packet received
82921 [Thread-1]  INFO 20 Jul 21:33:34 [Thread-1] Netz  - Packet saved
82921 [Thread-1]  INFO 20 Jul 21:33:34 [Thread-1] Netz  - Packet received
82925 [Thread-1]  INFO 20 Jul 21:33:34 [Thread-1] Netz  - Packet saved
82926 [Thread-1]  INFO 20 Jul 21:33:34 [Thread-1] Netz  - Packet received
87430 [Thread-1]  INFO 20 Jul 21:33:39 [Thread-1] Netz  - Packet saved
87430 [Thread-1]  INFO 20 Jul 21:33:39 [Thread-1] Netz  - Packet received
91948 [Thread-1]  INFO 20 Jul 21:33:43 [Thread-1] Netz  - Packet saved
91949 [Thread-1]  INFO 20 Jul 21:33:43 [Thread-1] Netz  - Packet received
92066 [Thread-1]  INFO 20 Jul 21:33:43 [Thread-1] Netz  - Packet saved
92067 [Thread-1]  INFO 20 Jul 21:33:43 [Thread-1] Netz  - Packet received
98822 [Thread-1]  INFO 20 Jul 21:33:50 [Thread-1] Netz  - Packet saved
98824 [Thread-1]  INFO 20 Jul 21:33:50 [Thread-1] Netz  - Packet received
103346 [Thread-1]  INFO 20 Jul 21:33:55 [Thread-1] Netz  - Packet saved
103346 [Thread-1]  INFO 20 Jul 21:33:55 [Thread-1] Netz  - Packet received
103377 [Thread-1]  INFO 20 Jul 21:33:55 [Thread-1] Netz  - Packet saved
103378 [Thread-1]  INFO 20 Jul 21:33:55 [Thread-1] Netz  - Packet received
0    [Thread-1]  INFO 20 Jul 21:34:08 [Thread-1] Netz  - Monitor thread started!
564  [Thread-1]  INFO 20 Jul 21:34:08 [Thread-1] Netz  - Packet received
739  [Thread-1]  INFO 20 Jul 21:34:09 [Thread-1] Netz  - Packet saved
740  [Thread-1]  INFO 20 Jul 21:34:09 [Thread-1] Netz  - Packet received
5262 [Thread-1]  INFO 20 Jul 21:34:13 [Thread-1] Netz  - Packet saved
5283 [Thread-1]  INFO 20 Jul 21:34:13 [Thread-1] Netz  - Packet received
7540 [Thread-1]  INFO 20 Jul 21:34:15 [Thread-1] Netz  - Packet saved
7540 [Thread-1]  INFO 20 Jul 21:34:15 [Thread-1] Netz  - Packet received
12044 [Thread-1]  INFO 20 Jul 21:34:20 [Thread-1] Netz  - Packet saved
12045 [Thread-1]  INFO 20 Jul 21:34:20 [Thread-1] Netz  - Packet received
12061 [Thread-1]  INFO 20 Jul 21:34:20 [Thread-1] Netz  - Packet saved
12061 [Thread-1]  INFO 20 Jul 21:34:20 [Thread-1] Netz  - Packet received
12077 [Thread-1]  INFO 20 Jul 21:34:20 [Thread-1] Netz  - Packet saved
12077 [Thread-1]  INFO 20 Jul 21:34:20 [Thread-1] Netz  - Packet received
12095 [Thread-1]  INFO 20 Jul 21:34:20 [Thread-1] Netz  - Packet saved
12096 [Thread-1]  INFO 20 Jul 21:34:20 [Thread-1] Netz  - Packet received
12110 [Thread-1]  INFO 20 Jul 21:34:20 [Thread-1] Netz  - Packet saved
12111 [Thread-1]  INFO 20 Jul 21:34:20 [Thread-1] Netz  - Packet received
12114 [Thread-1]  INFO 20 Jul 21:34:20 [Thread-1] Netz  - Packet saved
12114 [Thread-1]  INFO 20 Jul 21:34:20 [Thread-1] Netz  - Packet received
16619 [Thread-1]  INFO 20 Jul 21:34:24 [Thread-1] Netz  - Packet saved
16619 [Thread-1]  INFO 20 Jul 21:34:24 [Thread-1] Netz  - Packet received
16637 [Thread-1]  INFO 20 Jul 21:34:24 [Thread-1] Netz  - Packet saved
16637 [Thread-1]  INFO 20 Jul 21:34:24 [Thread-1] Netz  - Packet received
21141 [Thread-1]  INFO 20 Jul 21:34:29 [Thread-1] Netz  - Packet saved
21142 [Thread-1]  INFO 20 Jul 21:34:29 [Thread-1] Netz  - Packet received
21159 [Thread-1]  INFO 20 Jul 21:34:29 [Thread-1] Netz  - Packet saved
21160 [Thread-1]  INFO 20 Jul 21:34:29 [Thread-1] Netz  - Packet received
25676 [Thread-1]  INFO 20 Jul 21:34:33 [Thread-1] Netz  - Packet saved
25676 [Thread-1]  INFO 20 Jul 21:34:33 [Thread-1] Netz  - Packet received
27943 [Thread-1]  INFO 20 Jul 21:34:36 [Thread-1] Netz  - Packet saved
27944 [Thread-1]  INFO 20 Jul 21:34:36 [Thread-1] Netz  - Packet received
27947 [Thread-1]  INFO 20 Jul 21:34:36 [Thread-1] Netz  - Packet saved
27947 [Thread-1]  INFO 20 Jul 21:34:36 [Thread-1] Netz  - Packet received
32451 [Thread-1]  INFO 20 Jul 21:34:40 [Thread-1] Netz  - Packet saved
32451 [Thread-1]  INFO 20 Jul 21:34:40 [Thread-1] Netz  - Packet received
32487 [Thread-1]  INFO 20 Jul 21:34:40 [Thread-1] Netz  - Packet saved
32488 [Thread-1]  INFO 20 Jul 21:34:40 [Thread-1] Netz  - Packet received
1    [Thread-1]  INFO 20 Jul 21:36:29 [Thread-1] Netz  - Monitor thread started!
342  [Thread-1]  INFO 20 Jul 21:36:29 [Thread-1] Netz  - Packet received
2959 [Thread-1]  INFO 20 Jul 21:36:32 [Thread-1] Netz  - Packet saved
2981 [Thread-1]  INFO 20 Jul 21:36:32 [Thread-1] Netz  - Packet received
7484 [Thread-1]  INFO 20 Jul 21:36:37 [Thread-1] Netz  - Packet saved
7484 [Thread-1]  INFO 20 Jul 21:36:37 [Thread-1] Netz  - Packet received
7523 [Thread-1]  INFO 20 Jul 21:36:37 [Thread-1] Netz  - Packet saved
7524 [Thread-1]  INFO 20 Jul 21:36:37 [Thread-1] Netz  - Packet received
7856 [Thread-1]  INFO 20 Jul 21:36:37 [Thread-1] Netz  - Packet saved
7857 [Thread-1]  INFO 20 Jul 21:36:37 [Thread-1] Netz  - Packet received
12370 [Thread-1]  INFO 20 Jul 21:36:41 [Thread-1] Netz  - Packet saved
12370 [Thread-1]  INFO 20 Jul 21:36:41 [Thread-1] Netz  - Packet received
12386 [Thread-1]  INFO 20 Jul 21:36:41 [Thread-1] Netz  - Packet saved
12387 [Thread-1]  INFO 20 Jul 21:36:41 [Thread-1] Netz  - Packet received
12503 [Thread-1]  INFO 20 Jul 21:36:42 [Thread-1] Netz  - Packet saved
12504 [Thread-1]  INFO 20 Jul 21:36:42 [Thread-1] Netz  - Packet received
17018 [Thread-1]  INFO 20 Jul 21:36:46 [Thread-1] Netz  - Packet saved
17019 [Thread-1]  INFO 20 Jul 21:36:46 [Thread-1] Netz  - Packet received
19283 [Thread-1]  INFO 20 Jul 21:36:48 [Thread-1] Netz  - Packet saved
19283 [Thread-1]  INFO 20 Jul 21:36:48 [Thread-1] Netz  - Packet received
23798 [Thread-1]  INFO 20 Jul 21:36:53 [Thread-1] Netz  - Packet saved
23799 [Thread-1]  INFO 20 Jul 21:36:53 [Thread-1] Netz  - Packet received
23814 [Thread-1]  INFO 20 Jul 21:36:53 [Thread-1] Netz  - Packet saved
23814 [Thread-1]  INFO 20 Jul 21:36:53 [Thread-1] Netz  - Packet received
23856 [Thread-1]  INFO 20 Jul 21:36:53 [Thread-1] Netz  - Packet received
28371 [Thread-1]  INFO 20 Jul 21:36:57 [Thread-1] Netz  - Packet saved
28371 [Thread-1]  INFO 20 Jul 21:36:57 [Thread-1] Netz  - Packet received
28387 [Thread-1]  INFO 20 Jul 21:36:57 [Thread-1] Netz  - Packet saved
28387 [Thread-1]  INFO 20 Jul 21:36:57 [Thread-1] Netz  - Packet received
28391 [Thread-1]  INFO 20 Jul 21:36:57 [Thread-1] Netz  - Packet saved
28391 [Thread-1]  INFO 20 Jul 21:36:57 [Thread-1] Netz  - Packet received
32896 [Thread-1]  INFO 20 Jul 21:37:02 [Thread-1] Netz  - Packet saved
32896 [Thread-1]  INFO 20 Jul 21:37:02 [Thread-1] Netz  - Packet received
32897 [Thread-1]  INFO 20 Jul 21:37:02 [Thread-1] Netz  - Packet received
37411 [Thread-1]  INFO 20 Jul 21:37:06 [Thread-1] Netz  - Packet saved
37411 [Thread-1]  INFO 20 Jul 21:37:06 [Thread-1] Netz  - Packet received
44166 [Thread-1]  INFO 20 Jul 21:37:13 [Thread-1] Netz  - Packet saved
44166 [Thread-1]  INFO 20 Jul 21:37:13 [Thread-1] Netz  - Packet received
44170 [Thread-1]  INFO 20 Jul 21:37:13 [Thread-1] Netz  - Packet saved
44170 [Thread-1]  INFO 20 Jul 21:37:13 [Thread-1] Netz  - Packet received
48701 [Thread-1]  INFO 20 Jul 21:37:18 [Thread-1] Netz  - Packet saved
48701 [Thread-1]  INFO 20 Jul 21:37:18 [Thread-1] Netz  - Packet received
48702 [Thread-1]  INFO 20 Jul 21:37:18 [Thread-1] Netz  - Packet received
53241 [Thread-1]  INFO 20 Jul 21:37:22 [Thread-1] Netz  - Packet saved
53386 [Thread-1]  INFO 20 Jul 21:37:22 [Thread-1] Netz  - Packet received
60159 [Thread-1]  INFO 20 Jul 21:37:29 [Thread-1] Netz  - Packet saved
60160 [Thread-1]  INFO 20 Jul 21:37:29 [Thread-1] Netz  - Packet received
60163 [Thread-1]  INFO 20 Jul 21:37:29 [Thread-1] Netz  - Packet saved
60163 [Thread-1]  INFO 20 Jul 21:37:29 [Thread-1] Netz  - Packet received
64667 [Thread-1]  INFO 20 Jul 21:37:34 [Thread-1] Netz  - Packet saved
64667 [Thread-1]  INFO 20 Jul 21:37:34 [Thread-1] Netz  - Packet received
64670 [Thread-1]  INFO 20 Jul 21:37:34 [Thread-1] Netz  - Packet saved
64671 [Thread-1]  INFO 20 Jul 21:37:34 [Thread-1] Netz  - Packet received
69175 [Thread-1]  INFO 20 Jul 21:37:38 [Thread-1] Netz  - Packet saved
69176 [Thread-1]  INFO 20 Jul 21:37:38 [Thread-1] Netz  - Packet received
74007 [Thread-1]  INFO 20 Jul 21:37:43 [Thread-1] Netz  - Packet saved
74007 [Thread-1]  INFO 20 Jul 21:37:43 [Thread-1] Netz  - Packet received
78521 [Thread-1]  INFO 20 Jul 21:37:48 [Thread-1] Netz  - Packet saved
78521 [Thread-1]  INFO 20 Jul 21:37:48 [Thread-1] Netz  - Packet received
78568 [Thread-1]  INFO 20 Jul 21:37:48 [Thread-1] Netz  - Packet saved
78568 [Thread-1]  INFO 20 Jul 21:37:48 [Thread-1] Netz  - Packet received
78584 [Thread-1]  INFO 20 Jul 21:37:48 [Thread-1] Netz  - Packet saved
78584 [Thread-1]  INFO 20 Jul 21:37:48 [Thread-1] Netz  - Packet received
80839 [Thread-1]  INFO 20 Jul 21:37:50 [Thread-1] Netz  - Packet saved
80839 [Thread-1]  INFO 20 Jul 21:37:50 [Thread-1] Netz  - Packet received
85369 [Thread-1]  INFO 20 Jul 21:37:54 [Thread-1] Netz  - Packet saved
85369 [Thread-1]  INFO 20 Jul 21:37:54 [Thread-1] Netz  - Packet received
85369 [Thread-1]  INFO 20 Jul 21:37:54 [Thread-1] Netz  - Packet received
85369 [Thread-1]  INFO 20 Jul 21:37:54 [Thread-1] Netz  - Packet received
85443 [Thread-1]  INFO 20 Jul 21:37:54 [Thread-1] Netz  - Packet saved
85443 [Thread-1]  INFO 20 Jul 21:37:54 [Thread-1] Netz  - Packet received
89958 [Thread-1]  INFO 20 Jul 21:37:59 [Thread-1] Netz  - Packet saved
89958 [Thread-1]  INFO 20 Jul 21:37:59 [Thread-1] Netz  - Packet received
89961 [Thread-1]  INFO 20 Jul 21:37:59 [Thread-1] Netz  - Packet saved
89962 [Thread-1]  INFO 20 Jul 21:37:59 [Thread-1] Netz  - Packet received
94477 [Thread-1]  INFO 20 Jul 21:38:03 [Thread-1] Netz  - Packet saved
94478 [Thread-1]  INFO 20 Jul 21:38:03 [Thread-1] Netz  - Packet received
94494 [Thread-1]  INFO 20 Jul 21:38:04 [Thread-1] Netz  - Packet saved
94495 [Thread-1]  INFO 20 Jul 21:38:04 [Thread-1] Netz  - Packet received
96749 [Thread-1]  INFO 20 Jul 21:38:06 [Thread-1] Netz  - Packet saved
96749 [Thread-1]  INFO 20 Jul 21:38:06 [Thread-1] Netz  - Packet received
96803 [Thread-1]  INFO 20 Jul 21:38:06 [Thread-1] Netz  - Packet saved
96804 [Thread-1]  INFO 20 Jul 21:38:06 [Thread-1] Netz  - Packet received
101307 [Thread-1]  INFO 20 Jul 21:38:10 [Thread-1] Netz  - Packet saved
101307 [Thread-1]  INFO 20 Jul 21:38:10 [Thread-1] Netz  - Packet received
101339 [Thread-1]  INFO 20 Jul 21:38:10 [Thread-1] Netz  - Packet saved
101340 [Thread-1]  INFO 20 Jul 21:38:10 [Thread-1] Netz  - Packet received
101355 [Thread-1]  INFO 20 Jul 21:38:10 [Thread-1] Netz  - Packet saved
101355 [Thread-1]  INFO 20 Jul 21:38:10 [Thread-1] Netz  - Packet received
101370 [Thread-1]  INFO 20 Jul 21:38:10 [Thread-1] Netz  - Packet saved
101370 [Thread-1]  INFO 20 Jul 21:38:10 [Thread-1] Netz  - Packet received
101371 [Thread-1]  INFO 20 Jul 21:38:10 [Thread-1] Netz  - Packet received
101371 [Thread-1]  INFO 20 Jul 21:38:10 [Thread-1] Netz  - Packet received
101434 [Thread-1]  INFO 20 Jul 21:38:10 [Thread-1] Netz  - Packet saved
101434 [Thread-1]  INFO 20 Jul 21:38:10 [Thread-1] Netz  - Packet received
101437 [Thread-1]  INFO 20 Jul 21:38:10 [Thread-1] Netz  - Packet saved
101438 [Thread-1]  INFO 20 Jul 21:38:10 [Thread-1] Netz  - Packet received
105941 [Thread-1]  INFO 20 Jul 21:38:15 [Thread-1] Netz  - Packet saved
105941 [Thread-1]  INFO 20 Jul 21:38:15 [Thread-1] Netz  - Packet received
105954 [Thread-1]  INFO 20 Jul 21:38:15 [Thread-1] Netz  - Packet saved
105954 [Thread-1]  INFO 20 Jul 21:38:15 [Thread-1] Netz  - Packet received
110457 [Thread-1]  INFO 20 Jul 21:38:19 [Thread-1] Netz  - Packet saved
110458 [Thread-1]  INFO 20 Jul 21:38:19 [Thread-1] Netz  - Packet received
112738 [Thread-1]  INFO 20 Jul 21:38:22 [Thread-1] Netz  - Packet saved
112739 [Thread-1]  INFO 20 Jul 21:38:22 [Thread-1] Netz  - Packet received
117243 [Thread-1]  INFO 20 Jul 21:38:26 [Thread-1] Netz  - Packet saved
117243 [Thread-1]  INFO 20 Jul 21:38:26 [Thread-1] Netz  - Packet received
121752 [Thread-1]  INFO 20 Jul 21:38:31 [Thread-1] Netz  - Packet saved
121753 [Thread-1]  INFO 20 Jul 21:38:31 [Thread-1] Netz  - Packet received
121757 [Thread-1]  INFO 20 Jul 21:38:31 [Thread-1] Netz  - Packet saved
121757 [Thread-1]  INFO 20 Jul 21:38:31 [Thread-1] Netz  - Packet received
126261 [Thread-1]  INFO 20 Jul 21:38:35 [Thread-1] Netz  - Packet saved
126261 [Thread-1]  INFO 20 Jul 21:38:35 [Thread-1] Netz  - Packet received
128519 [Thread-1]  INFO 20 Jul 21:38:38 [Thread-1] Netz  - Packet saved
128519 [Thread-1]  INFO 20 Jul 21:38:38 [Thread-1] Netz  - Packet received
133022 [Thread-1]  INFO 20 Jul 21:38:42 [Thread-1] Netz  - Packet saved
133022 [Thread-1]  INFO 20 Jul 21:38:42 [Thread-1] Netz  - Packet received
133025 [Thread-1]  INFO 20 Jul 21:38:42 [Thread-1] Netz  - Packet saved
133025 [Thread-1]  INFO 20 Jul 21:38:42 [Thread-1] Netz  - Packet received
137528 [Thread-1]  INFO 20 Jul 21:38:47 [Thread-1] Netz  - Packet saved
137528 [Thread-1]  INFO 20 Jul 21:38:47 [Thread-1] Netz  - Packet received
137673 [Thread-1]  INFO 20 Jul 21:38:47 [Thread-1] Netz  - Packet saved
137673 [Thread-1]  INFO 20 Jul 21:38:47 [Thread-1] Netz  - Packet received
142177 [Thread-1]  INFO 20 Jul 21:38:51 [Thread-1] Netz  - Packet saved
142177 [Thread-1]  INFO 20 Jul 21:38:51 [Thread-1] Netz  - Packet received
142524 [Thread-1]  INFO 20 Jul 21:38:52 [Thread-1] Netz  - Packet saved
142524 [Thread-1]  INFO 20 Jul 21:38:52 [Thread-1] Netz  - Packet received
144817 [Thread-1]  INFO 20 Jul 21:38:54 [Thread-1] Netz  - Packet saved
144817 [Thread-1]  INFO 20 Jul 21:38:54 [Thread-1] Netz  - Packet received
149333 [Thread-1]  INFO 20 Jul 21:38:58 [Thread-1] Netz  - Packet saved
149333 [Thread-1]  INFO 20 Jul 21:38:58 [Thread-1] Netz  - Packet received
149404 [Thread-1]  INFO 20 Jul 21:38:58 [Thread-1] Netz  - Packet saved
149405 [Thread-1]  INFO 20 Jul 21:38:58 [Thread-1] Netz  - Packet received
149534 [Thread-1]  INFO 20 Jul 21:38:59 [Thread-1] Netz  - Packet saved
149535 [Thread-1]  INFO 20 Jul 21:38:59 [Thread-1] Netz  - Packet received
154052 [Thread-1]  INFO 20 Jul 21:39:03 [Thread-1] Netz  - Packet saved
154053 [Thread-1]  INFO 20 Jul 21:39:03 [Thread-1] Netz  - Packet received
158562 [Thread-1]  INFO 20 Jul 21:39:08 [Thread-1] Netz  - Packet saved
158562 [Thread-1]  INFO 20 Jul 21:39:08 [Thread-1] Netz  - Packet received
158694 [Thread-1]  INFO 20 Jul 21:39:08 [Thread-1] Netz  - Packet saved
158694 [Thread-1]  INFO 20 Jul 21:39:08 [Thread-1] Netz  - Packet received
160961 [Thread-1]  INFO 20 Jul 21:39:10 [Thread-1] Netz  - Packet saved
160961 [Thread-1]  INFO 20 Jul 21:39:10 [Thread-1] Netz  - Packet received
165484 [Thread-1]  INFO 20 Jul 21:39:15 [Thread-1] Netz  - Packet saved
165484 [Thread-1]  INFO 20 Jul 21:39:15 [Thread-1] Netz  - Packet received
165530 [Thread-1]  INFO 20 Jul 21:39:15 [Thread-1] Netz  - Packet saved
165531 [Thread-1]  INFO 20 Jul 21:39:15 [Thread-1] Netz  - Packet received
170034 [Thread-1]  INFO 20 Jul 21:39:19 [Thread-1] Netz  - Packet saved
170034 [Thread-1]  INFO 20 Jul 21:39:19 [Thread-1] Netz  - Packet received
170050 [Thread-1]  INFO 20 Jul 21:39:19 [Thread-1] Netz  - Packet saved
170050 [Thread-1]  INFO 20 Jul 21:39:19 [Thread-1] Netz  - Packet received
174619 [Thread-1]  INFO 20 Jul 21:39:24 [Thread-1] Netz  - Packet saved
174620 [Thread-1]  INFO 20 Jul 21:39:24 [Thread-1] Netz  - Packet received
181376 [Thread-1]  INFO 20 Jul 21:39:30 [Thread-1] Netz  - Packet saved
181376 [Thread-1]  INFO 20 Jul 21:39:30 [Thread-1] Netz  - Packet received
181411 [Thread-1]  INFO 20 Jul 21:39:30 [Thread-1] Netz  - Packet saved
181411 [Thread-1]  INFO 20 Jul 21:39:30 [Thread-1] Netz  - Packet received
185926 [Thread-1]  INFO 20 Jul 21:39:35 [Thread-1] Netz  - Packet saved
185926 [Thread-1]  INFO 20 Jul 21:39:35 [Thread-1] Netz  - Packet received
185929 [Thread-1]  INFO 20 Jul 21:39:35 [Thread-1] Netz  - Packet saved
185929 [Thread-1]  INFO 20 Jul 21:39:35 [Thread-1] Netz  - Packet received
190433 [Thread-1]  INFO 20 Jul 21:39:39 [Thread-1] Netz  - Packet saved
190433 [Thread-1]  INFO 20 Jul 21:39:39 [Thread-1] Netz  - Packet received
192700 [Thread-1]  INFO 20 Jul 21:39:42 [Thread-1] Netz  - Packet saved
192701 [Thread-1]  INFO 20 Jul 21:39:42 [Thread-1] Netz  - Packet received
192713 [Thread-1]  INFO 20 Jul 21:39:42 [Thread-1] Netz  - Packet saved
192714 [Thread-1]  INFO 20 Jul 21:39:42 [Thread-1] Netz  - Packet received
197217 [Thread-1]  INFO 20 Jul 21:39:46 [Thread-1] Netz  - Packet saved
197217 [Thread-1]  INFO 20 Jul 21:39:46 [Thread-1] Netz  - Packet received
197236 [Thread-1]  INFO 20 Jul 21:39:46 [Thread-1] Netz  - Packet saved
197237 [Thread-1]  INFO 20 Jul 21:39:46 [Thread-1] Netz  - Packet received
197252 [Thread-1]  INFO 20 Jul 21:39:46 [Thread-1] Netz  - Packet saved
197253 [Thread-1]  INFO 20 Jul 21:39:46 [Thread-1] Netz  - Packet received
197256 [Thread-1]  INFO 20 Jul 21:39:46 [Thread-1] Netz  - Packet saved
197256 [Thread-1]  INFO 20 Jul 21:39:46 [Thread-1] Netz  - Packet received
201761 [Thread-1]  INFO 20 Jul 21:39:51 [Thread-1] Netz  - Packet saved
201761 [Thread-1]  INFO 20 Jul 21:39:51 [Thread-1] Netz  - Packet received
201776 [Thread-1]  INFO 20 Jul 21:39:51 [Thread-1] Netz  - Packet saved
201776 [Thread-1]  INFO 20 Jul 21:39:51 [Thread-1] Netz  - Packet received
201780 [Thread-1]  INFO 20 Jul 21:39:51 [Thread-1] Netz  - Packet saved
201780 [Thread-1]  INFO 20 Jul 21:39:51 [Thread-1] Netz  - Packet received
206284 [Thread-1]  INFO 20 Jul 21:39:55 [Thread-1] Netz  - Packet saved
206284 [Thread-1]  INFO 20 Jul 21:39:55 [Thread-1] Netz  - Packet received
208769 [Thread-1]  INFO 20 Jul 21:39:58 [Thread-1] Netz  - Packet saved
208771 [Thread-1]  INFO 20 Jul 21:39:58 [Thread-1] Netz  - Packet received
213279 [Thread-1]  INFO 20 Jul 21:40:02 [Thread-1] Netz  - Packet saved
213279 [Thread-1]  INFO 20 Jul 21:40:02 [Thread-1] Netz  - Packet received
213563 [Thread-1]  INFO 20 Jul 21:40:03 [Thread-1] Netz  - Packet saved
213563 [Thread-1]  INFO 20 Jul 21:40:03 [Thread-1] Netz  - Packet received
213577 [Thread-1]  INFO 20 Jul 21:40:03 [Thread-1] Netz  - Packet saved
213578 [Thread-1]  INFO 20 Jul 21:40:03 [Thread-1] Netz  - Packet received
213593 [Thread-1]  INFO 20 Jul 21:40:03 [Thread-1] Netz  - Packet saved
213593 [Thread-1]  INFO 20 Jul 21:40:03 [Thread-1] Netz  - Packet received
213609 [Thread-1]  INFO 20 Jul 21:40:03 [Thread-1] Netz  - Packet saved
213609 [Thread-1]  INFO 20 Jul 21:40:03 [Thread-1] Netz  - Packet received
218113 [Thread-1]  INFO 20 Jul 21:40:07 [Thread-1] Netz  - Packet saved
218113 [Thread-1]  INFO 20 Jul 21:40:07 [Thread-1] Netz  - Packet received
218129 [Thread-1]  INFO 20 Jul 21:40:07 [Thread-1] Netz  - Packet saved
218129 [Thread-1]  INFO 20 Jul 21:40:07 [Thread-1] Netz  - Packet received
218144 [Thread-1]  INFO 20 Jul 21:40:07 [Thread-1] Netz  - Packet saved
218144 [Thread-1]  INFO 20 Jul 21:40:07 [Thread-1] Netz  - Packet received
218158 [Thread-1]  INFO 20 Jul 21:40:07 [Thread-1] Netz  - Packet saved
218159 [Thread-1]  INFO 20 Jul 21:40:07 [Thread-1] Netz  - Packet received
222662 [Thread-1]  INFO 20 Jul 21:40:12 [Thread-1] Netz  - Packet saved
222662 [Thread-1]  INFO 20 Jul 21:40:12 [Thread-1] Netz  - Packet received
222680 [Thread-1]  INFO 20 Jul 21:40:12 [Thread-1] Netz  - Packet saved
222681 [Thread-1]  INFO 20 Jul 21:40:12 [Thread-1] Netz  - Packet received
229435 [Thread-1]  INFO 20 Jul 21:40:18 [Thread-1] Netz  - Packet saved
229435 [Thread-1]  INFO 20 Jul 21:40:18 [Thread-1] Netz  - Packet received
238755 [Thread-1]  INFO 20 Jul 21:40:28 [Thread-1] Netz  - Packet saved
238756 [Thread-1]  INFO 20 Jul 21:40:28 [Thread-1] Netz  - Packet received
247760 [Thread-1]  INFO 20 Jul 21:40:37 [Thread-1] Netz  - Packet saved
247760 [Thread-1]  INFO 20 Jul 21:40:37 [Thread-1] Netz  - Packet received
256763 [Thread-1]  INFO 20 Jul 21:40:46 [Thread-1] Netz  - Packet saved
256764 [Thread-1]  INFO 20 Jul 21:40:46 [Thread-1] Netz  - Packet received
265769 [Thread-1]  INFO 20 Jul 21:40:55 [Thread-1] Netz  - Packet saved
265769 [Thread-1]  INFO 20 Jul 21:40:55 [Thread-1] Netz  - Packet received
0    [Thread-1]  INFO 26 Jul 20:15:46 [Thread-1] Netz  - Monitor thread started!
3421 [Thread-1]  INFO 26 Jul 20:15:50 [Thread-1] Netz  - Packet received
1    [Thread-1]  INFO 26 Jul 20:26:30 [Thread-1] Netz  - Monitor thread started!
1258 [Thread-1]  INFO 26 Jul 20:26:31 [Thread-1] Netz  - Packet received
0    [Thread-1]  INFO 26 Jul 20:27:39 [Thread-1] Netz  - Monitor thread started!
1637 [Thread-1]  INFO 26 Jul 20:27:40 [Thread-1] Netz  - Packet received
1    [Thread-1]  INFO 30 Jul 19:50:55 [Thread-1] Netz  - Monitor thread started!
1034 [Thread-1]  INFO 30 Jul 19:50:56 [Thread-1] Netz  - Packet received
3707 [Thread-1]  INFO 30 Jul 19:50:59 [Thread-1] Netz  - Packet saved
3727 [Thread-1]  INFO 30 Jul 19:50:59 [Thread-1] Netz  - Packet received
8231 [Thread-1]  INFO 30 Jul 19:51:03 [Thread-1] Netz  - Packet saved
8231 [Thread-1]  INFO 30 Jul 19:51:03 [Thread-1] Netz  - Packet received
12735 [Thread-1]  INFO 30 Jul 19:51:08 [Thread-1] Netz  - Packet saved
12736 [Thread-1]  INFO 30 Jul 19:51:08 [Thread-1] Netz  - Packet received
12739 [Thread-1]  INFO 30 Jul 19:51:08 [Thread-1] Netz  - Packet saved
12739 [Thread-1]  INFO 30 Jul 19:51:08 [Thread-1] Netz  - Packet received
12744 [Thread-1]  INFO 30 Jul 19:51:08 [Thread-1] Netz  - Packet saved
12745 [Thread-1]  INFO 30 Jul 19:51:08 [Thread-1] Netz  - Packet received
12748 [Thread-1]  INFO 30 Jul 19:51:08 [Thread-1] Netz  - Packet saved
12749 [Thread-1]  INFO 30 Jul 19:51:08 [Thread-1] Netz  - Packet received
12791 [Thread-1]  INFO 30 Jul 19:51:08 [Thread-1] Netz  - Packet saved
12792 [Thread-1]  INFO 30 Jul 19:51:08 [Thread-1] Netz  - Packet received
12795 [Thread-1]  INFO 30 Jul 19:51:08 [Thread-1] Netz  - Packet saved
12795 [Thread-1]  INFO 30 Jul 19:51:08 [Thread-1] Netz  - Packet received
0    [Thread-1]  INFO 30 Jul 19:51:29 [Thread-1] Netz  - Monitor thread started!
5591 [Thread-1]  INFO 30 Jul 19:51:34 [Thread-1] Netz  - Packet received
7856 [Thread-1]  INFO 30 Jul 19:51:37 [Thread-1] Netz  - Packet saved
7877 [Thread-1]  INFO 30 Jul 19:51:37 [Thread-1] Netz  - Packet received
12380 [Thread-1]  INFO 30 Jul 19:51:41 [Thread-1] Netz  - Packet saved
12381 [Thread-1]  INFO 30 Jul 19:51:41 [Thread-1] Netz  - Packet received
12384 [Thread-1]  INFO 30 Jul 19:51:41 [Thread-1] Netz  - Packet saved
12385 [Thread-1]  INFO 30 Jul 19:51:41 [Thread-1] Netz  - Packet received
12446 [Thread-1]  INFO 30 Jul 19:51:41 [Thread-1] Netz  - Packet saved
12446 [Thread-1]  INFO 30 Jul 19:51:41 [Thread-1] Netz  - Packet received
12450 [Thread-1]  INFO 30 Jul 19:51:41 [Thread-1] Netz  - Packet saved
12450 [Thread-1]  INFO 30 Jul 19:51:41 [Thread-1] Netz  - Packet received
12453 [Thread-1]  INFO 30 Jul 19:51:41 [Thread-1] Netz  - Packet saved
12453 [Thread-1]  INFO 30 Jul 19:51:41 [Thread-1] Netz  - Packet received
12456 [Thread-1]  INFO 30 Jul 19:51:41 [Thread-1] Netz  - Packet saved
12457 [Thread-1]  INFO 30 Jul 19:51:41 [Thread-1] Netz  - Packet received
12460 [Thread-1]  INFO 30 Jul 19:51:41 [Thread-1] Netz  - Packet saved
12460 [Thread-1]  INFO 30 Jul 19:51:41 [Thread-1] Netz  - Packet received
0    [Thread-1]  INFO 30 Jul 19:52:44 [Thread-1] Netz  - Monitor thread started!
436  [Thread-1]  INFO 30 Jul 19:52:44 [Thread-1] Netz  - Packet received
7290 [Thread-1]  INFO 30 Jul 19:52:51 [Thread-1] Netz  - Packet saved
7311 [Thread-1]  INFO 30 Jul 19:52:51 [Thread-1] Netz  - Packet received
11814 [Thread-1]  INFO 30 Jul 19:52:56 [Thread-1] Netz  - Packet saved
11815 [Thread-1]  INFO 30 Jul 19:52:56 [Thread-1] Netz  - Packet received
16318 [Thread-1]  INFO 30 Jul 19:53:00 [Thread-1] Netz  - Packet saved
16318 [Thread-1]  INFO 30 Jul 19:53:00 [Thread-1] Netz  - Packet received
